<?xml version="1.0" encoding="UTF-8"?>
<!-- Generated by org.testng.reporters.JUnitXMLReporter -->
<testsuite ignored="0" hostname="Anusuya" failures="0" tests="4" name="my test 1" time="0.329" errors="0" timestamp="2024-04-29T16:47:18 IST">
  <testcase classname="testngExamplePrograms.Example" name="test1" time="0.025"/>
  <testcase classname="testngExamplePrograms.Example" name="test2" time="0.024"/>
  <testcase classname="testngExamplePrograms.Example" name="test3" time="0.012"/>
  <testcase classname="testngExamplePrograms.Example2" name="test" time="0.005"/>
</testsuite> <!-- my test 1 -->
