<?xml version="1.0" encoding="UTF-8"?>
<testng-results ignored="0" total="1" passed="1" failed="0" skipped="0">
  <reporter-output>
  </reporter-output>
  <suite started-at="2024-04-30T17:06:35 IST" name="Default suite" finished-at="2024-04-30T17:06:37 IST" duration-ms="2380">
    <groups>
    </groups>
    <test started-at="2024-04-30T17:06:35 IST" name="Default test" finished-at="2024-04-30T17:06:37 IST" duration-ms="2380">
      <class name="testngExamplePrograms.ExcelData">
        <test-method signature="data()[pri:0, instance:testngExamplePrograms.ExcelData@52719fb6]" started-at="2024-04-30T17:06:35 IST" name="data" finished-at="2024-04-30T17:06:37 IST" duration-ms="2211" status="PASS">
          <reporter-output>
          </reporter-output>
        </test-method> <!-- data -->
      </class> <!-- testngExamplePrograms.ExcelData -->
    </test> <!-- Default test -->
  </suite> <!-- Default suite -->
</testng-results>
