<?xml version="1.0" encoding="UTF-8"?>
<testng-results ignored="0" total="4" passed="4" failed="0" skipped="0">
  <reporter-output>
  </reporter-output>
  <suite started-at="2024-04-29T16:47:18 IST" name="my Suite" finished-at="2024-04-29T16:47:18 IST" duration-ms="329">
    <groups>
    </groups>
    <test started-at="2024-04-29T16:47:18 IST" name="my test 1" finished-at="2024-04-29T16:47:18 IST" duration-ms="329">
      <class name="testngExamplePrograms.Example2">
        <test-method is-config="true" signature="test1()[pri:0, instance:testngExamplePrograms.Example2@76b1e9b8]" started-at="2024-04-29T16:47:18 IST" name="test1" finished-at="2024-04-29T16:47:18 IST" duration-ms="37" status="PASS">
          <reporter-output>
          </reporter-output>
        </test-method> <!-- test1 -->
        <test-method signature="test(int,int)[pri:0, instance:testngExamplePrograms.Example2@76b1e9b8]" started-at="2024-04-29T16:47:18 IST" name="test" finished-at="2024-04-29T16:47:18 IST" duration-ms="5" status="PASS">
          <params>
            <param index="0">
              <value>
                <![CDATA[231]]>
              </value>
            </param>
            <param index="1">
              <value>
                <![CDATA[465]]>
              </value>
            </param>
          </params>
          <reporter-output>
          </reporter-output>
        </test-method> <!-- test -->
        <test-method is-config="true" signature="test2()[pri:0, instance:testngExamplePrograms.Example2@76b1e9b8]" started-at="2024-04-29T16:47:19 IST" name="test2" finished-at="2024-04-29T16:47:19 IST" duration-ms="2" status="PASS">
          <reporter-output>
          </reporter-output>
        </test-method> <!-- test2 -->
      </class> <!-- testngExamplePrograms.Example2 -->
      <class name="testngExamplePrograms.Example">
        <test-method is-config="true" signature="test4()[pri:0, instance:testngExamplePrograms.Example@6e9175d8]" started-at="2024-04-29T16:47:18 IST" name="test4" finished-at="2024-04-29T16:47:18 IST" duration-ms="1" status="PASS">
          <reporter-output>
          </reporter-output>
        </test-method> <!-- test4 -->
        <test-method is-config="true" signature="test8()[pri:0, instance:testngExamplePrograms.Example@6e9175d8]" started-at="2024-04-29T16:47:18 IST" name="test8" finished-at="2024-04-29T16:47:18 IST" duration-ms="1" status="PASS">
          <reporter-output>
          </reporter-output>
        </test-method> <!-- test8 -->
        <test-method is-config="true" signature="test6()[pri:0, instance:testngExamplePrograms.Example@6e9175d8]" started-at="2024-04-29T16:47:18 IST" name="test6" finished-at="2024-04-29T16:47:18 IST" duration-ms="0" status="PASS">
          <reporter-output>
          </reporter-output>
        </test-method> <!-- test6 -->
        <test-method signature="test1(int,int)[pri:0, instance:testngExamplePrograms.Example@6e9175d8]" started-at="2024-04-29T16:47:18 IST" name="test1" finished-at="2024-04-29T16:47:18 IST" duration-ms="25" status="PASS">
          <params>
            <param index="0">
              <value>
                <![CDATA[231]]>
              </value>
            </param>
            <param index="1">
              <value>
                <![CDATA[465]]>
              </value>
            </param>
          </params>
          <reporter-output>
          </reporter-output>
        </test-method> <!-- test1 -->
        <test-method is-config="true" signature="test7()[pri:0, instance:testngExamplePrograms.Example@6e9175d8]" started-at="2024-04-29T16:47:18 IST" name="test7" finished-at="2024-04-29T16:47:18 IST" duration-ms="1" status="PASS">
          <reporter-output>
          </reporter-output>
        </test-method> <!-- test7 -->
        <test-method is-config="true" signature="test6()[pri:0, instance:testngExamplePrograms.Example@6e9175d8]" started-at="2024-04-29T16:47:18 IST" name="test6" finished-at="2024-04-29T16:47:18 IST" duration-ms="1" status="PASS">
          <reporter-output>
          </reporter-output>
        </test-method> <!-- test6 -->
        <test-method signature="test2(int,int)[pri:0, instance:testngExamplePrograms.Example@6e9175d8]" started-at="2024-04-29T16:47:18 IST" name="test2" finished-at="2024-04-29T16:47:18 IST" duration-ms="24" status="PASS">
          <params>
            <param index="0">
              <value>
                <![CDATA[231]]>
              </value>
            </param>
            <param index="1">
              <value>
                <![CDATA[465]]>
              </value>
            </param>
          </params>
          <reporter-output>
          </reporter-output>
        </test-method> <!-- test2 -->
        <test-method is-config="true" signature="test7()[pri:0, instance:testngExamplePrograms.Example@6e9175d8]" started-at="2024-04-29T16:47:18 IST" name="test7" finished-at="2024-04-29T16:47:18 IST" duration-ms="1" status="PASS">
          <reporter-output>
          </reporter-output>
        </test-method> <!-- test7 -->
        <test-method is-config="true" signature="test6()[pri:0, instance:testngExamplePrograms.Example@6e9175d8]" started-at="2024-04-29T16:47:18 IST" name="test6" finished-at="2024-04-29T16:47:18 IST" duration-ms="7" status="PASS">
          <reporter-output>
          </reporter-output>
        </test-method> <!-- test6 -->
        <test-method signature="test3()[pri:0, instance:testngExamplePrograms.Example@6e9175d8]" started-at="2024-04-29T16:47:18 IST" name="test3" finished-at="2024-04-29T16:47:18 IST" duration-ms="12" status="PASS">
          <reporter-output>
          </reporter-output>
        </test-method> <!-- test3 -->
        <test-method is-config="true" signature="test7()[pri:0, instance:testngExamplePrograms.Example@6e9175d8]" started-at="2024-04-29T16:47:18 IST" name="test7" finished-at="2024-04-29T16:47:18 IST" duration-ms="24" status="PASS">
          <reporter-output>
          </reporter-output>
        </test-method> <!-- test7 -->
        <test-method is-config="true" signature="test9()[pri:0, instance:testngExamplePrograms.Example@6e9175d8]" started-at="2024-04-29T16:47:18 IST" name="test9" finished-at="2024-04-29T16:47:18 IST" duration-ms="1" status="PASS">
          <reporter-output>
          </reporter-output>
        </test-method> <!-- test9 -->
        <test-method is-config="true" signature="test5()[pri:0, instance:testngExamplePrograms.Example@6e9175d8]" started-at="2024-04-29T16:47:18 IST" name="test5" finished-at="2024-04-29T16:47:18 IST" duration-ms="1" status="PASS">
          <reporter-output>
          </reporter-output>
        </test-method> <!-- test5 -->
      </class> <!-- testngExamplePrograms.Example -->
    </test> <!-- my test 1 -->
  </suite> <!-- my Suite -->
</testng-results>
